<?xml version="1.0" encoding="UTF-8"?>
<!-- Generated by org.testng.reporters.JUnitReportReporter -->
<testsuite hostname="ANIKET" failures="0" tests="6" name="TestPackage.TestClassB_TestNG" time="0.038" errors="0" timestamp="2022-09-08T00:19:35 IST" skipped="0">
  <testcase classname="TestPackage.TestClassB_TestNG" name="testC" time="0.003"/>
  <system-out/>
  <testcase classname="TestPackage.TestClassB_TestNG" name="testb" time="0.006"/>
  <system-out/>
  <testcase classname="TestPackage.TestClassB_TestNG" name="testA" time="0.013"/>
  <system-out/>
  <testcase classname="TestPackage.TestClassB_TestNG" name="testA" time="0.011"/>
  <system-out/>
  <testcase classname="TestPackage.TestClassB_TestNG" name="testC" time="0.002"/>
  <system-out/>
  <testcase classname="TestPackage.TestClassB_TestNG" name="testb" time="0.003"/>
  <system-out/>
</testsuite> <!-- TestPackage.TestClassB_TestNG -->
